2025-03-24T06:41:21.043Z	info	Successfully initialized logger
2025-03-24T06:41:21.046Z	info	Successfully created output directory
2025-03-24T06:41:21.051Z	info	Successfully read config
2025-03-24T06:41:21.057Z	error	Error occured while requesting and analyzing the data from http://localhost:8000/two : too many retries
2025-03-24T06:41:21.058Z	error	Error occured while requesting and analyzing the data from http://localhost:8000/four : too many retries
2025-03-24T06:41:21.059Z	error	Error occured while requesting and analyzing the data from http://localhost:8000/three : too many retries
2025-03-24T06:41:21.060Z	info	Programm execution complete
2025-03-24T06:42:29.064Z	info	Successfully initialized logger
2025-03-24T06:42:29.066Z	info	Successfully read config
2025-03-24T06:42:29.067Z	error	Error occured while requesting and analyzing the data from http://localhost:8000/two : too many retries
2025-03-24T06:42:29.067Z	error	Error occured while requesting and analyzing the data from http://localhost:8000/three : too many retries
2025-03-24T06:42:29.067Z	error	Error occured while requesting and analyzing the data from http://localhost:8000/four : too many retries
2025-03-24T06:42:29.068Z	info	Programm execution complete
2025-03-24T06:42:41.742Z	info	Successfully initialized logger
2025-03-24T06:42:41.747Z	info	Successfully read config
2025-03-24T06:42:41.759Z	error	Error occured while requesting and analyzing the data from http://localhost:8000/four : too many retries
2025-03-24T06:42:41.760Z	error	Error occured while requesting and analyzing the data from http://localhost:8000/three : too many retries
2025-03-24T06:42:41.761Z	error	Error occured while requesting and analyzing the data from http://localhost:8000/two : too many retries
2025-03-24T06:42:41.763Z	info	Programm execution complete
2025-03-24T11:33:43.209Z	info	Successfully initialized logger
2025-03-24T11:33:43.211Z	info	Successfully read config
2025-03-24T11:33:43.215Z	error	Error occured while requesting and analyzing the data from http://localhost:8000/three : too many retries
2025-03-24T11:33:43.216Z	error	Error occured while requesting and analyzing the data from http://localhost:8000/two : too many retries
2025-03-24T11:33:43.216Z	error	Error occured while requesting and analyzing the data from http://localhost:8000/four : too many retries
2025-03-24T11:33:43.217Z	info	Programm execution complete
2025-03-24T11:41:14.888Z	info	Successfully initialized logger
2025-03-24T11:41:14.892Z	info	Successfully read config
2025-03-24T11:41:14.898Z	error	Error occured while requesting and analyzing the data from http://host.docker.internal:8000/four : Response staus: %!(EXTRA string=404 Not Found)
2025-03-24T11:41:14.899Z	info	Successfully analyzed data from http://host.docker.internal:8000/three
2025-03-24T11:41:14.899Z	info	Successfully analyzed data from http://host.docker.internal:8000/two
2025-03-24T11:41:14.900Z	info	Programm execution complete
2025-03-24T11:42:31.319Z	info	Successfully initialized logger
2025-03-24T11:42:31.324Z	info	Successfully read config
2025-03-24T11:42:31.334Z	info	Successfully analyzed data from http://host.docker.internal:8000/three
2025-03-24T11:42:31.335Z	info	Successfully analyzed data from http://host.docker.internal:8000/two
2025-03-24T11:42:31.339Z	error	Error occured while requesting and analyzing the data from http://host.docker.internal:8001/four : too many retries
2025-03-24T11:42:31.344Z	info	Programm execution complete
